Build started 12/17/2014 1:01:27 AM.
     1>Project "C:\Users\Sui\Dropbox\Game Programming\Final-Project\Final-Project\Final Project\Final Project\Final Project.vcxproj" on node 2 (Build target(s)).
     1>Link:
         C:\Program Files (x86)\Microsoft Visual Studio 12.0\VC\bin\link.exe /ERRORREPORT:PROMPT /OUT:"C:\Users\Sui\Dropbox\Game Programming\Final-Project\Final-Project\Final Project\Release\Final Project.exe" /NOLOGO /LIBPATH:C:\glew /LIBPATH:C:\SDL2\lib\x86 /LIBPATH:C:\SDL2_image\lib\x86 /LIBPATH:C:\SDL2_mixer\lib\x86 /LIBPATH:C:\glew\lib\release\Win32 SDL2.lib SDL2main.lib SDL2_image.lib OpenGL32.lib SDL2_mixer.lib glew32.lib /MANIFEST /MANIFESTUAC:"level='asInvoker' uiAccess='false'" /manifest:embed /DEBUG /PDB:"C:\Users\Sui\Dropbox\Game Programming\Final-Project\Final-Project\Final Project\Release\Final Project.pdb" /SUBSYSTEM:CONSOLE /OPT:REF /OPT:ICF /LTCG /TLBID:1 /DYNAMICBASE /NXCOMPAT /IMPLIB:"C:\Users\Sui\Dropbox\Game Programming\Final-Project\Final-Project\Final Project\Release\Final Project.lib" /MACHINE:X86 /SAFESEH Release\Entity.obj
         Release\GameApp.obj
         Release\main.obj
         Release\Matrix.obj
         Release\Player.obj
         Release\Sprite.obj
         Release\UIElement.obj
         Release\UIList.obj
         Release\UIText.obj
         Release\Vector.obj
         Release\Weapon.obj
         Generating code
         Finished generating code
         Final Project.vcxproj -> C:\Users\Sui\Dropbox\Game Programming\Final-Project\Final-Project\Final Project\Release\Final Project.exe
     1>Done Building Project "C:\Users\Sui\Dropbox\Game Programming\Final-Project\Final-Project\Final Project\Final Project\Final Project.vcxproj" (Build target(s)).

Build succeeded.

Time Elapsed 00:00:02.09
